<?xml version="1.0" encoding="UTF-8"?>
<!-- Generated by org.testng.reporters.JUnitXMLReporter -->
<testsuite ignored="0" hostname="PRADNYA" failures="0" tests="4" name="ChromeTest" time="87.777" errors="0" timestamp="2022-09-23T18:59:29 IST">
  <testcase classname="test.VerifyRoomPageButton" name="verifyReturnToMessangerButton" time="2.625"/>
  <testcase classname="test.VerifyRoomPageButton" name="verifyVisitHelpCenterButton" time="15.562"/>
  <testcase classname="test.VerifyHomePage" name="verifyMessangerButton" time="31.806"/>
  <testcase classname="test.VerifyHomePage" name="verifyNotificationButton" time="9.341"/>
</testsuite> <!-- ChromeTest -->
