<?xml version="1.0" encoding="UTF-8"?>
<!-- Generated by org.testng.reporters.JUnitXMLReporter -->
<testsuite ignored="0" hostname="PRADNYA" failures="0" tests="4" name="FirefoxTest" time="93.873" errors="0" timestamp="2022-09-23T19:01:03 IST">
  <testcase classname="test.VerifyRoomPageButton" name="verifyReturnToMessangerButton" time="3.415"/>
  <testcase classname="test.VerifyHomePage" name="verifyMessangerButton" time="5.459"/>
  <testcase classname="test.VerifyRoomPageButton" name="verifyVisitHelpCenterButton" time="2.244"/>
  <testcase classname="test.VerifyHomePage" name="verifyNotificationButton" time="4.13"/>
</testsuite> <!-- FirefoxTest -->
