<?xml version="1.0" encoding="UTF-8"?>
<!-- Generated by org.testng.reporters.JUnitXMLReporter -->
<testsuite ignored="0" hostname="PRADNYA" failures="0" tests="4" name="FirefoxTest" time="142.381" errors="0" timestamp="2022-09-30T21:16:53 IST">
  <testcase classname="test.VerifyHomePage" name="verifyMessangerButton" time="4.268"/>
  <testcase classname="test.VerifyRoomPageButton" name="verifyReturnToMessangerButton" time="9.362"/>
  <testcase classname="test.VerifyRoomPageButton" name="verifyVisitHelpCenterButton" time="3.18"/>
  <testcase classname="test.VerifyHomePage" name="verifyNotificationButton" time="4.281"/>
</testsuite> <!-- FirefoxTest -->
