<?xml version="1.0" encoding="UTF-8"?>
<testng-results ignored="0" total="8" passed="8" failed="0" skipped="0">
  <reporter-output>
  </reporter-output>
  <suite started-at="2022-09-23T18:58:01 IST" name="Facebook RegressionSuite" finished-at="2022-09-23T19:01:03 IST" duration-ms="181938">
    <groups>
    </groups>
    <test started-at="2022-09-23T18:58:01 IST" name="ChromeTest" finished-at="2022-09-23T18:59:28 IST" duration-ms="87777">
      <class name="test.VerifyRoomPageButton">
        <test-method is-config="true" signature="openBrowser(java.lang.String)[pri:0, instance:test.VerifyRoomPageButton@7b9a4292]" started-at="2022-09-23T18:58:07 IST" name="openBrowser" finished-at="2022-09-23T18:58:10 IST" duration-ms="3220" status="PASS">
          <params>
            <param index="0">
              <value>
                <![CDATA[Chrome]]>
              </value>
            </param>
          </params>
          <reporter-output>
          </reporter-output>
        </test-method> <!-- openBrowser -->
        <test-method is-config="true" signature="createPOMObjects()[pri:0, instance:test.VerifyRoomPageButton@7b9a4292]" started-at="2022-09-23T18:58:10 IST" name="createPOMObjects" finished-at="2022-09-23T18:58:11 IST" duration-ms="628" status="PASS">
          <reporter-output>
          </reporter-output>
        </test-method> <!-- createPOMObjects -->
        <test-method is-config="true" signature="openurl_openroompage()[pri:0, instance:test.VerifyRoomPageButton@7b9a4292]" started-at="2022-09-23T18:58:11 IST" name="openurl_openroompage" finished-at="2022-09-23T18:58:24 IST" duration-ms="12923" status="PASS">
          <reporter-output>
          </reporter-output>
        </test-method> <!-- openurl_openroompage -->
        <test-method signature="verifyReturnToMessangerButton()[pri:0, instance:test.VerifyRoomPageButton@7b9a4292]" started-at="2022-09-23T18:58:24 IST" name="verifyReturnToMessangerButton" finished-at="2022-09-23T18:58:27 IST" duration-ms="2625" status="PASS">
          <reporter-output>
          </reporter-output>
        </test-method> <!-- verifyReturnToMessangerButton -->
        <test-method is-config="true" signature="aftermethod(org.testng.ITestResult)[pri:0, instance:test.VerifyRoomPageButton@7b9a4292]" started-at="2022-09-23T18:58:27 IST" name="aftermethod" finished-at="2022-09-23T18:58:27 IST" duration-ms="3" status="PASS">
          <params>
            <param index="0">
              <value>
                <![CDATA[[TestResult name=verifyReturnToMessangerButton status=SUCCESS method=VerifyRoomPageButton.verifyReturnToMessangerButton()[pri:0, instance:test.VerifyRoomPageButton@7b9a4292] output={null}]]]>
              </value>
            </param>
          </params>
          <reporter-output>
          </reporter-output>
        </test-method> <!-- aftermethod -->
        <test-method is-config="true" signature="openurl_openroompage()[pri:0, instance:test.VerifyRoomPageButton@7b9a4292]" started-at="2022-09-23T18:58:27 IST" name="openurl_openroompage" finished-at="2022-09-23T18:58:33 IST" duration-ms="6835" status="PASS">
          <reporter-output>
          </reporter-output>
        </test-method> <!-- openurl_openroompage -->
        <test-method signature="verifyVisitHelpCenterButton()[pri:0, instance:test.VerifyRoomPageButton@7b9a4292]" started-at="2022-09-23T18:58:33 IST" name="verifyVisitHelpCenterButton" finished-at="2022-09-23T18:58:49 IST" duration-ms="15562" status="PASS">
          <reporter-output>
          </reporter-output>
        </test-method> <!-- verifyVisitHelpCenterButton -->
        <test-method is-config="true" signature="aftermethod(org.testng.ITestResult)[pri:0, instance:test.VerifyRoomPageButton@7b9a4292]" started-at="2022-09-23T18:58:49 IST" name="aftermethod" finished-at="2022-09-23T18:58:49 IST" duration-ms="2" status="PASS">
          <params>
            <param index="0">
              <value>
                <![CDATA[[TestResult name=verifyVisitHelpCenterButton status=SUCCESS method=VerifyRoomPageButton.verifyVisitHelpCenterButton()[pri:0, instance:test.VerifyRoomPageButton@7b9a4292] output={null}]]]>
              </value>
            </param>
          </params>
          <reporter-output>
          </reporter-output>
        </test-method> <!-- aftermethod -->
        <test-method is-config="true" signature="clearObjects()[pri:0, instance:test.VerifyRoomPageButton@7b9a4292]" started-at="2022-09-23T18:58:49 IST" name="clearObjects" finished-at="2022-09-23T18:58:49 IST" duration-ms="1" status="PASS">
          <reporter-output>
          </reporter-output>
        </test-method> <!-- clearObjects -->
        <test-method is-config="true" signature="closeBrowser()[pri:0, instance:test.VerifyRoomPageButton@7b9a4292]" started-at="2022-09-23T18:59:24 IST" name="closeBrowser" finished-at="2022-09-23T18:59:28 IST" duration-ms="3995" status="PASS">
          <reporter-output>
          </reporter-output>
        </test-method> <!-- closeBrowser -->
      </class> <!-- test.VerifyRoomPageButton -->
      <class name="test.VerifyHomePage">
        <test-method is-config="true" signature="openBrowser(java.lang.String)[pri:0, instance:test.VerifyHomePage@59309333]" started-at="2022-09-23T18:58:01 IST" name="openBrowser" finished-at="2022-09-23T18:58:07 IST" duration-ms="6252" status="PASS">
          <params>
            <param index="0">
              <value>
                <![CDATA[Chrome]]>
              </value>
            </param>
          </params>
          <reporter-output>
          </reporter-output>
        </test-method> <!-- openBrowser -->
        <test-method is-config="true" signature="createPOMObjects()[pri:0, instance:test.VerifyHomePage@59309333]" started-at="2022-09-23T18:58:10 IST" name="createPOMObjects" finished-at="2022-09-23T18:58:11 IST" duration-ms="232" status="PASS">
          <reporter-output>
          </reporter-output>
        </test-method> <!-- createPOMObjects -->
        <test-method is-config="true" signature="openurl_openhomepage()[pri:0, instance:test.VerifyHomePage@59309333]" started-at="2022-09-23T18:58:11 IST" name="openurl_openhomepage" finished-at="2022-09-23T18:58:25 IST" duration-ms="14249" status="PASS">
          <reporter-output>
          </reporter-output>
        </test-method> <!-- openurl_openhomepage -->
        <test-method signature="verifyMessangerButton()[pri:0, instance:test.VerifyHomePage@59309333]" started-at="2022-09-23T18:58:25 IST" name="verifyMessangerButton" finished-at="2022-09-23T18:58:57 IST" duration-ms="31806" status="PASS">
          <reporter-output>
          </reporter-output>
        </test-method> <!-- verifyMessangerButton -->
        <test-method is-config="true" signature="logOutFromApplication(org.testng.ITestResult)[pri:0, instance:test.VerifyHomePage@59309333]" started-at="2022-09-23T18:58:57 IST" name="logOutFromApplication" finished-at="2022-09-23T18:59:05 IST" duration-ms="8779" status="PASS">
          <params>
            <param index="0">
              <value>
                <![CDATA[[TestResult name=verifyMessangerButton status=SUCCESS method=VerifyHomePage.verifyMessangerButton()[pri:0, instance:test.VerifyHomePage@59309333] output={null}]]]>
              </value>
            </param>
          </params>
          <reporter-output>
          </reporter-output>
        </test-method> <!-- logOutFromApplication -->
        <test-method is-config="true" signature="openurl_openhomepage()[pri:0, instance:test.VerifyHomePage@59309333]" started-at="2022-09-23T18:59:05 IST" name="openurl_openhomepage" finished-at="2022-09-23T18:59:07 IST" duration-ms="1656" status="PASS">
          <reporter-output>
          </reporter-output>
        </test-method> <!-- openurl_openhomepage -->
        <test-method signature="verifyNotificationButton()[pri:0, instance:test.VerifyHomePage@59309333]" started-at="2022-09-23T18:59:07 IST" name="verifyNotificationButton" finished-at="2022-09-23T18:59:16 IST" duration-ms="9341" status="PASS">
          <reporter-output>
          </reporter-output>
        </test-method> <!-- verifyNotificationButton -->
        <test-method is-config="true" signature="logOutFromApplication(org.testng.ITestResult)[pri:0, instance:test.VerifyHomePage@59309333]" started-at="2022-09-23T18:59:16 IST" name="logOutFromApplication" finished-at="2022-09-23T18:59:19 IST" duration-ms="2532" status="PASS">
          <params>
            <param index="0">
              <value>
                <![CDATA[[TestResult name=verifyNotificationButton status=SUCCESS method=VerifyHomePage.verifyNotificationButton()[pri:0, instance:test.VerifyHomePage@59309333] output={null}]]]>
              </value>
            </param>
          </params>
          <reporter-output>
          </reporter-output>
        </test-method> <!-- logOutFromApplication -->
        <test-method is-config="true" signature="clearObject()[pri:0, instance:test.VerifyHomePage@59309333]" started-at="2022-09-23T18:59:19 IST" name="clearObject" finished-at="2022-09-23T18:59:19 IST" duration-ms="1" status="PASS">
          <reporter-output>
          </reporter-output>
        </test-method> <!-- clearObject -->
        <test-method is-config="true" signature="closeBrowser()[pri:0, instance:test.VerifyHomePage@59309333]" started-at="2022-09-23T18:59:19 IST" name="closeBrowser" finished-at="2022-09-23T18:59:24 IST" duration-ms="5449" status="PASS">
          <reporter-output>
          </reporter-output>
        </test-method> <!-- closeBrowser -->
      </class> <!-- test.VerifyHomePage -->
    </test> <!-- ChromeTest -->
    <test started-at="2022-09-23T18:59:29 IST" name="FirefoxTest" finished-at="2022-09-23T19:01:03 IST" duration-ms="93873">
      <class name="test.VerifyRoomPageButton">
        <test-method is-config="true" signature="openBrowser(java.lang.String)[pri:0, instance:test.VerifyRoomPageButton@1283bb96]" started-at="2022-09-23T18:59:55 IST" name="openBrowser" finished-at="2022-09-23T19:00:05 IST" duration-ms="10258" status="PASS">
          <params>
            <param index="0">
              <value>
                <![CDATA[Firefox]]>
              </value>
            </param>
          </params>
          <reporter-output>
          </reporter-output>
        </test-method> <!-- openBrowser -->
        <test-method is-config="true" signature="createPOMObjects()[pri:0, instance:test.VerifyRoomPageButton@1283bb96]" started-at="2022-09-23T19:00:05 IST" name="createPOMObjects" finished-at="2022-09-23T19:00:05 IST" duration-ms="7" status="PASS">
          <reporter-output>
          </reporter-output>
        </test-method> <!-- createPOMObjects -->
        <test-method is-config="true" signature="openurl_openroompage()[pri:0, instance:test.VerifyRoomPageButton@1283bb96]" started-at="2022-09-23T19:00:05 IST" name="openurl_openroompage" finished-at="2022-09-23T19:00:22 IST" duration-ms="16402" status="PASS">
          <reporter-output>
          </reporter-output>
        </test-method> <!-- openurl_openroompage -->
        <test-method signature="verifyReturnToMessangerButton()[pri:0, instance:test.VerifyRoomPageButton@1283bb96]" started-at="2022-09-23T19:00:22 IST" name="verifyReturnToMessangerButton" finished-at="2022-09-23T19:00:25 IST" duration-ms="3415" status="PASS">
          <reporter-output>
          </reporter-output>
        </test-method> <!-- verifyReturnToMessangerButton -->
        <test-method is-config="true" signature="aftermethod(org.testng.ITestResult)[pri:0, instance:test.VerifyRoomPageButton@1283bb96]" started-at="2022-09-23T19:00:25 IST" name="aftermethod" finished-at="2022-09-23T19:00:25 IST" duration-ms="2" status="PASS">
          <params>
            <param index="0">
              <value>
                <![CDATA[[TestResult name=verifyReturnToMessangerButton status=SUCCESS method=VerifyRoomPageButton.verifyReturnToMessangerButton()[pri:0, instance:test.VerifyRoomPageButton@1283bb96] output={null}]]]>
              </value>
            </param>
          </params>
          <reporter-output>
          </reporter-output>
        </test-method> <!-- aftermethod -->
        <test-method is-config="true" signature="openurl_openroompage()[pri:0, instance:test.VerifyRoomPageButton@1283bb96]" started-at="2022-09-23T19:00:25 IST" name="openurl_openroompage" finished-at="2022-09-23T19:00:30 IST" duration-ms="5329" status="PASS">
          <reporter-output>
          </reporter-output>
        </test-method> <!-- openurl_openroompage -->
        <test-method signature="verifyVisitHelpCenterButton()[pri:0, instance:test.VerifyRoomPageButton@1283bb96]" started-at="2022-09-23T19:00:30 IST" name="verifyVisitHelpCenterButton" finished-at="2022-09-23T19:00:33 IST" duration-ms="2244" status="PASS">
          <reporter-output>
          </reporter-output>
        </test-method> <!-- verifyVisitHelpCenterButton -->
        <test-method is-config="true" signature="aftermethod(org.testng.ITestResult)[pri:0, instance:test.VerifyRoomPageButton@1283bb96]" started-at="2022-09-23T19:00:33 IST" name="aftermethod" finished-at="2022-09-23T19:00:33 IST" duration-ms="1" status="PASS">
          <params>
            <param index="0">
              <value>
                <![CDATA[[TestResult name=verifyVisitHelpCenterButton status=SUCCESS method=VerifyRoomPageButton.verifyVisitHelpCenterButton()[pri:0, instance:test.VerifyRoomPageButton@1283bb96] output={null}]]]>
              </value>
            </param>
          </params>
          <reporter-output>
          </reporter-output>
        </test-method> <!-- aftermethod -->
        <test-method is-config="true" signature="clearObjects()[pri:0, instance:test.VerifyRoomPageButton@1283bb96]" started-at="2022-09-23T19:00:33 IST" name="clearObjects" finished-at="2022-09-23T19:00:33 IST" duration-ms="1" status="PASS">
          <reporter-output>
          </reporter-output>
        </test-method> <!-- clearObjects -->
        <test-method is-config="true" signature="closeBrowser()[pri:0, instance:test.VerifyRoomPageButton@1283bb96]" started-at="2022-09-23T19:01:00 IST" name="closeBrowser" finished-at="2022-09-23T19:01:03 IST" duration-ms="2957" status="PASS">
          <reporter-output>
          </reporter-output>
        </test-method> <!-- closeBrowser -->
      </class> <!-- test.VerifyRoomPageButton -->
      <class name="test.VerifyHomePage">
        <test-method is-config="true" signature="openBrowser(java.lang.String)[pri:0, instance:test.VerifyHomePage@74f0ea28]" started-at="2022-09-23T18:59:29 IST" name="openBrowser" finished-at="2022-09-23T18:59:55 IST" duration-ms="26287" status="PASS">
          <params>
            <param index="0">
              <value>
                <![CDATA[Firefox]]>
              </value>
            </param>
          </params>
          <reporter-output>
          </reporter-output>
        </test-method> <!-- openBrowser -->
        <test-method is-config="true" signature="createPOMObjects()[pri:0, instance:test.VerifyHomePage@74f0ea28]" started-at="2022-09-23T19:00:05 IST" name="createPOMObjects" finished-at="2022-09-23T19:00:05 IST" duration-ms="4" status="PASS">
          <reporter-output>
          </reporter-output>
        </test-method> <!-- createPOMObjects -->
        <test-method is-config="true" signature="openurl_openhomepage()[pri:0, instance:test.VerifyHomePage@74f0ea28]" started-at="2022-09-23T19:00:05 IST" name="openurl_openhomepage" finished-at="2022-09-23T19:00:26 IST" duration-ms="20549" status="PASS">
          <reporter-output>
          </reporter-output>
        </test-method> <!-- openurl_openhomepage -->
        <test-method signature="verifyMessangerButton()[pri:0, instance:test.VerifyHomePage@74f0ea28]" started-at="2022-09-23T19:00:26 IST" name="verifyMessangerButton" finished-at="2022-09-23T19:00:31 IST" duration-ms="5459" status="PASS">
          <reporter-output>
          </reporter-output>
        </test-method> <!-- verifyMessangerButton -->
        <test-method is-config="true" signature="logOutFromApplication(org.testng.ITestResult)[pri:0, instance:test.VerifyHomePage@74f0ea28]" started-at="2022-09-23T19:00:31 IST" name="logOutFromApplication" finished-at="2022-09-23T19:00:40 IST" duration-ms="8326" status="PASS">
          <params>
            <param index="0">
              <value>
                <![CDATA[[TestResult name=verifyMessangerButton status=SUCCESS method=VerifyHomePage.verifyMessangerButton()[pri:0, instance:test.VerifyHomePage@74f0ea28] output={null}]]]>
              </value>
            </param>
          </params>
          <reporter-output>
          </reporter-output>
        </test-method> <!-- logOutFromApplication -->
        <test-method is-config="true" signature="openurl_openhomepage()[pri:0, instance:test.VerifyHomePage@74f0ea28]" started-at="2022-09-23T19:00:40 IST" name="openurl_openhomepage" finished-at="2022-09-23T19:00:49 IST" duration-ms="9119" status="PASS">
          <reporter-output>
          </reporter-output>
        </test-method> <!-- openurl_openhomepage -->
        <test-method signature="verifyNotificationButton()[pri:0, instance:test.VerifyHomePage@74f0ea28]" started-at="2022-09-23T19:00:49 IST" name="verifyNotificationButton" finished-at="2022-09-23T19:00:53 IST" duration-ms="4130" status="PASS">
          <reporter-output>
          </reporter-output>
        </test-method> <!-- verifyNotificationButton -->
        <test-method is-config="true" signature="logOutFromApplication(org.testng.ITestResult)[pri:0, instance:test.VerifyHomePage@74f0ea28]" started-at="2022-09-23T19:00:53 IST" name="logOutFromApplication" finished-at="2022-09-23T19:00:56 IST" duration-ms="2923" status="PASS">
          <params>
            <param index="0">
              <value>
                <![CDATA[[TestResult name=verifyNotificationButton status=SUCCESS method=VerifyHomePage.verifyNotificationButton()[pri:0, instance:test.VerifyHomePage@74f0ea28] output={null}]]]>
              </value>
            </param>
          </params>
          <reporter-output>
          </reporter-output>
        </test-method> <!-- logOutFromApplication -->
        <test-method is-config="true" signature="clearObject()[pri:0, instance:test.VerifyHomePage@74f0ea28]" started-at="2022-09-23T19:00:56 IST" name="clearObject" finished-at="2022-09-23T19:00:56 IST" duration-ms="1" status="PASS">
          <reporter-output>
          </reporter-output>
        </test-method> <!-- clearObject -->
        <test-method is-config="true" signature="closeBrowser()[pri:0, instance:test.VerifyHomePage@74f0ea28]" started-at="2022-09-23T19:00:56 IST" name="closeBrowser" finished-at="2022-09-23T19:01:00 IST" duration-ms="3833" status="PASS">
          <reporter-output>
          </reporter-output>
        </test-method> <!-- closeBrowser -->
      </class> <!-- test.VerifyHomePage -->
    </test> <!-- FirefoxTest -->
  </suite> <!-- Facebook RegressionSuite -->
</testng-results>
