<?xml version="1.0" encoding="UTF-8"?>
<!-- Generated by org.testng.reporters.JUnitXMLReporter -->
<testsuite ignored="0" hostname="PRADNYA" failures="0" tests="4" name="Test" time="92.889" errors="0" timestamp="2022-09-17T12:50:11 IST">
  <testcase classname="test.VerifyRoomPageButton" name="verifyReturnToMessangerButton" time="2.859"/>
  <testcase classname="test.VerifyRoomPageButton" name="verifyVisitHelpCenterButton" time="9.123"/>
  <testcase classname="test.VerifyHomePage" name="verifyMessangerButton" time="12.314"/>
  <testcase classname="test.VerifyHomePage" name="verifyNotificationButton" time="8.95"/>
</testsuite> <!-- Test -->
