<?xml version="1.0" encoding="UTF-8"?>
<!-- Generated by org.testng.reporters.JUnitXMLReporter -->
<testsuite ignored="0" hostname="PRADNYA" failures="0" tests="4" name="Test" time="95.298" errors="0" timestamp="2022-09-17T12:46:49 IST">
  <testcase classname="test.VerifyRoomPageButton" name="verifyReturnToMessangerButton" time="3.423"/>
  <testcase classname="test.VerifyRoomPageButton" name="verifyVisitHelpCenterButton" time="8.67"/>
  <testcase classname="test.VerifyHomePage" name="verifyMessangerButton" time="11.564"/>
  <testcase classname="test.VerifyHomePage" name="verifyNotificationButton" time="8.622"/>
</testsuite> <!-- Test -->
